<?xml version="1.0" encoding="UTF-8"?>
<testng-results ignored="0" total="1" passed="1" failed="0" skipped="0">
  <reporter-output>
  </reporter-output>
  <suite started-at="2022-09-09T21:24:08 BDT" name="Default suite" finished-at="2022-09-09T21:25:43 BDT" duration-ms="95631">
    <groups>
    </groups>
    <test started-at="2022-09-09T21:24:08 BDT" name="Default test" finished-at="2022-09-09T21:25:43 BDT" duration-ms="95631">
      <class name="TestCase.TC_002">
        <test-method is-config="true" signature="setup()[pri:0, instance:TestCase.TC_002@20140db9]" started-at="2022-09-09T21:23:56 BDT" name="setup" finished-at="2022-09-09T21:24:08 BDT" duration-ms="11249" status="PASS">
          <reporter-output>
          </reporter-output>
        </test-method> <!-- setup -->
        <test-method signature="placeorder()[pri:0, instance:TestCase.TC_002@20140db9]" started-at="2022-09-09T21:24:08 BDT" name="placeorder" finished-at="2022-09-09T21:25:43 BDT" duration-ms="95583" status="PASS">
          <reporter-output>
          </reporter-output>
        </test-method> <!-- placeorder -->
        <test-method is-config="true" signature="tearDown()[pri:0, instance:TestCase.TC_002@20140db9]" started-at="2022-09-09T21:25:43 BDT" name="tearDown" finished-at="2022-09-09T21:25:43 BDT" duration-ms="183" status="PASS">
          <reporter-output>
          </reporter-output>
        </test-method> <!-- tearDown -->
      </class> <!-- TestCase.TC_002 -->
    </test> <!-- Default test -->
  </suite> <!-- Default suite -->
</testng-results>
